2025-08-30 00:47:49,125 [ERROR] LogOutputStream:75 - [STDERR_REDIRECT] Exception in thread "AWT-EventQueue-0" java.awt.IllegalComponentStateException: component must be showing on the screen to determine its location
2025-08-30 00:47:49,130 [ERROR] LogOutputStream:75 - [STDERR_REDIRECT] 	at java.desktop/java.awt.Component.getLocationOnScreen_NoTreeLock(Component.java:2113)
2025-08-30 00:47:49,131 [ERROR] LogOutputStream:75 - [STDERR_REDIRECT] 	at java.desktop/java.awt.Component.getLocationOnScreen(Component.java:2087)
2025-08-30 00:47:49,131 [ERROR] LogOutputStream:75 - [STDERR_REDIRECT] 	at java.desktop/javax.swing.JPopupMenu.show(JPopupMenu.java:982)
2025-08-30 00:47:49,131 [ERROR] LogOutputStream:75 - [STDERR_REDIRECT] 	at java.desktop/javax.swing.plaf.basic.BasicComboPopup.show(BasicComboPopup.java:235)
2025-08-30 00:47:49,131 [ERROR] LogOutputStream:75 - [STDERR_REDIRECT] 	at java.desktop/javax.swing.plaf.basic.BasicComboPopup.togglePopup(BasicComboPopup.java:1265)
2025-08-30 00:47:49,132 [ERROR] LogOutputStream:75 - [STDERR_REDIRECT] 	at java.desktop/javax.swing.plaf.basic.BasicComboPopup$Handler.mousePressed(BasicComboPopup.java:936)
2025-08-30 00:47:49,132 [ERROR] LogOutputStream:75 - [STDERR_REDIRECT] 	at java.desktop/java.awt.Component.processMouseEvent(Component.java:6618)
2025-08-30 00:47:49,132 [ERROR] LogOutputStream:75 - [STDERR_REDIRECT] 	at java.desktop/javax.swing.JComponent.processMouseEvent(JComponent.java:3398)
2025-08-30 00:47:49,132 [ERROR] LogOutputStream:75 - [STDERR_REDIRECT] 	at java.desktop/java.awt.Component.processEvent(Component.java:6386)
2025-08-30 00:47:49,132 [ERROR] LogOutputStream:75 - [STDERR_REDIRECT] 	at java.desktop/java.awt.Container.processEvent(Container.java:2266)
2025-08-30 00:47:49,133 [ERROR] LogOutputStream:75 - [STDERR_REDIRECT] 	at java.desktop/java.awt.Component.dispatchEventImpl(Component.java:4996)
2025-08-30 00:47:49,133 [ERROR] LogOutputStream:75 - [STDERR_REDIRECT] 	at java.desktop/java.awt.Container.dispatchEventImpl(Container.java:2324)
2025-08-30 00:47:49,133 [ERROR] LogOutputStream:75 - [STDERR_REDIRECT] 	at java.desktop/java.awt.Component.dispatchEvent(Component.java:4828)
2025-08-30 00:47:49,133 [ERROR] LogOutputStream:75 - [STDERR_REDIRECT] 	at java.desktop/javax.swing.plaf.basic.BasicTableUI$Handler.repostEvent(BasicTableUI.java:978)
2025-08-30 00:47:49,133 [ERROR] LogOutputStream:75 - [STDERR_REDIRECT] 	at java.desktop/javax.swing.plaf.basic.BasicTableUI$Handler.adjustSelection(BasicTableUI.java:1140)
2025-08-30 00:47:49,133 [ERROR] LogOutputStream:75 - [STDERR_REDIRECT] 	at java.desktop/javax.swing.plaf.basic.BasicTableUI$Handler.mousePressed(BasicTableUI.java:1068)
2025-08-30 00:47:49,134 [ERROR] LogOutputStream:75 - [STDERR_REDIRECT] 	at java.desktop/java.awt.AWTEventMulticaster.mousePressed(AWTEventMulticaster.java:288)
2025-08-30 00:47:49,134 [ERROR] LogOutputStream:75 - [STDERR_REDIRECT] 	at java.desktop/java.awt.AWTEventMulticaster.mousePressed(AWTEventMulticaster.java:287)
2025-08-30 00:47:49,134 [ERROR] LogOutputStream:75 - [STDERR_REDIRECT] 	at java.desktop/java.awt.AWTEventMulticaster.mousePressed(AWTEventMulticaster.java:287)
2025-08-30 00:47:49,134 [ERROR] LogOutputStream:75 - [STDERR_REDIRECT] 	at java.desktop/java.awt.AWTEventMulticaster.mousePressed(AWTEventMulticaster.java:287)
2025-08-30 00:47:49,134 [ERROR] LogOutputStream:75 - [STDERR_REDIRECT] 	at java.desktop/java.awt.Component.processMouseEvent(Component.java:6618)
2025-08-30 00:47:49,134 [ERROR] LogOutputStream:75 - [STDERR_REDIRECT] 	at java.desktop/javax.swing.JComponent.processMouseEvent(JComponent.java:3398)
2025-08-30 00:47:49,134 [ERROR] LogOutputStream:75 - [STDERR_REDIRECT] 	at java.desktop/java.awt.Component.processEvent(Component.java:6386)
2025-08-30 00:47:49,135 [ERROR] LogOutputStream:75 - [STDERR_REDIRECT] 	at java.desktop/java.awt.Container.processEvent(Container.java:2266)
2025-08-30 00:47:49,135 [ERROR] LogOutputStream:75 - [STDERR_REDIRECT] 	at java.desktop/java.awt.Component.dispatchEventImpl(Component.java:4996)
2025-08-30 00:47:49,135 [ERROR] LogOutputStream:75 - [STDERR_REDIRECT] 	at java.desktop/java.awt.Container.dispatchEventImpl(Container.java:2324)
2025-08-30 00:47:49,135 [ERROR] LogOutputStream:75 - [STDERR_REDIRECT] 	at java.desktop/java.awt.Component.dispatchEvent(Component.java:4828)
2025-08-30 00:47:49,135 [ERROR] LogOutputStream:75 - [STDERR_REDIRECT] 	at java.desktop/java.awt.LightweightDispatcher.retargetMouseEvent(Container.java:4948)
2025-08-30 00:47:49,135 [ERROR] LogOutputStream:75 - [STDERR_REDIRECT] 	at java.desktop/java.awt.LightweightDispatcher.processMouseEvent(Container.java:4572)
2025-08-30 00:47:49,136 [ERROR] LogOutputStream:75 - [STDERR_REDIRECT] 	at java.desktop/java.awt.LightweightDispatcher.dispatchEvent(Container.java:4516)
2025-08-30 00:47:49,136 [ERROR] LogOutputStream:75 - [STDERR_REDIRECT] 	at java.desktop/java.awt.Container.dispatchEventImpl(Container.java:2310)
2025-08-30 00:47:49,136 [ERROR] LogOutputStream:75 - [STDERR_REDIRECT] 	at java.desktop/java.awt.Component.dispatchEvent(Component.java:4828)
2025-08-30 00:47:49,136 [ERROR] LogOutputStream:75 - [STDERR_REDIRECT] 	at java.desktop/java.awt.EventQueue.dispatchEventImpl(EventQueue.java:775)
2025-08-30 00:47:49,136 [ERROR] LogOutputStream:75 - [STDERR_REDIRECT] 	at java.desktop/java.awt.EventQueue$4.run(EventQueue.java:720)
2025-08-30 00:47:49,136 [ERROR] LogOutputStream:75 - [STDERR_REDIRECT] 	at java.desktop/java.awt.EventQueue$4.run(EventQueue.java:714)
2025-08-30 00:47:49,136 [ERROR] LogOutputStream:75 - [STDERR_REDIRECT] 	at java.base/java.security.AccessController.doPrivileged(AccessController.java:400)
2025-08-30 00:47:49,137 [ERROR] LogOutputStream:75 - [STDERR_REDIRECT] 	at java.base/java.security.ProtectionDomain$JavaSecurityAccessImpl.doIntersectionPrivilege(ProtectionDomain.java:87)
2025-08-30 00:47:49,137 [ERROR] LogOutputStream:75 - [STDERR_REDIRECT] 	at java.base/java.security.ProtectionDomain$JavaSecurityAccessImpl.doIntersectionPrivilege(ProtectionDomain.java:98)
2025-08-30 00:47:49,137 [ERROR] LogOutputStream:75 - [STDERR_REDIRECT] 	at java.desktop/java.awt.EventQueue$5.run(EventQueue.java:747)
2025-08-30 00:47:49,137 [ERROR] LogOutputStream:75 - [STDERR_REDIRECT] 	at java.desktop/java.awt.EventQueue$5.run(EventQueue.java:745)
2025-08-30 00:47:49,137 [ERROR] LogOutputStream:75 - [STDERR_REDIRECT] 	at java.base/java.security.AccessController.doPrivileged(AccessController.java:400)
2025-08-30 00:47:49,137 [ERROR] LogOutputStream:75 - [STDERR_REDIRECT] 	at java.base/java.security.ProtectionDomain$JavaSecurityAccessImpl.doIntersectionPrivilege(ProtectionDomain.java:87)
2025-08-30 00:47:49,138 [ERROR] LogOutputStream:75 - [STDERR_REDIRECT] 	at java.desktop/java.awt.EventQueue.dispatchEvent(EventQueue.java:744)
2025-08-30 00:47:49,138 [ERROR] LogOutputStream:75 - [STDERR_REDIRECT] 	at java.desktop/java.awt.EventDispatchThread.pumpOneEventForFilters(EventDispatchThread.java:203)
2025-08-30 00:47:49,138 [ERROR] LogOutputStream:75 - [STDERR_REDIRECT] 	at java.desktop/java.awt.EventDispatchThread.pumpEventsForFilter(EventDispatchThread.java:124)
2025-08-30 00:47:49,138 [ERROR] LogOutputStream:75 - [STDERR_REDIRECT] 	at java.desktop/java.awt.EventDispatchThread.pumpEventsForHierarchy(EventDispatchThread.java:113)
2025-08-30 00:47:49,138 [ERROR] LogOutputStream:75 - [STDERR_REDIRECT] 	at java.desktop/java.awt.EventDispatchThread.pumpEvents(EventDispatchThread.java:109)
2025-08-30 00:47:49,139 [ERROR] LogOutputStream:75 - [STDERR_REDIRECT] 	at java.desktop/java.awt.EventDispatchThread.pumpEvents(EventDispatchThread.java:101)
2025-08-30 00:47:49,139 [ERROR] LogOutputStream:75 - [STDERR_REDIRECT] 	at java.desktop/java.awt.EventDispatchThread.run(EventDispatchThread.java:90)
2025-08-30 03:26:01,738 [ERROR] LogOutputStream:75 - [STDERR_REDIRECT] 
2025-08-30 19:45:13,970 [INFO] Activator:176 - 


2025-08-30 19:45:13,972 [INFO] Activator:177 - !SESSION log4j initialized
2025-08-30 19:45:18,223 [INFO] LogOutputStream:77 - [STDOUT_REDIRECT] 
2025-08-30 19:45:19,073 [INFO] ApplicationProperties:184 - Using Application install path: /opt/st/stm32cubeide_1.19.0/plugins/com.st.stm32cube.common.mx_6.15.0.202507011659
2025-08-30 19:45:19,093 [INFO] DbMcusXml:78 - Set database path to: /opt/st/stm32cubeide_1.19.0/plugins/com.st.stm32cube.common.mx_6.15.0.202507011659//db//mcu/
2025-08-30 19:45:19,093 [INFO] ApiDb:274 - Set plugin database path to: /opt/st/stm32cubeide_1.19.0/plugins/com.st.stm32cube.common.mx_6.15.0.202507011659//db//plugins/boardmanager/
2025-08-30 19:45:19,093 [WARN] ApiDb:259 - Overriding images path with different value:  => /opt/st/stm32cubeide_1.19.0/plugins/com.st.stm32cube.common.mx_6.15.0.202507011659//db//plugins/mcufinder/images/
2025-08-30 19:45:19,100 [INFO] ApiDb:250 - Set database path to: /home/exati/.stmcufinder/plugins/mcufinder//mcu/
2025-08-30 19:45:19,101 [INFO] DbMcusAds:125 - Set database path to: /home/exati/.stmcufinder/plugins/mcufinder//mcu/
2025-08-30 19:45:19,104 [INFO] CrossReferenceDbSqlite:203 - Set database path to: /home/exati/.stmcufinder/plugins/mcufinder//mcu/cs/
2025-08-30 19:45:19,192 [INFO] RulesReader:64 - Compatibility file has been processed (317 Rules)
2025-08-30 19:45:19,257 [INFO] DbMcusXml:78 - Set database path to: /opt/st/stm32cubeide_1.19.0/plugins/com.st.stm32cube.common.mx_6.15.0.202507011659//db//mcu/
2025-08-30 19:45:19,257 [INFO] ApiDb:274 - Set plugin database path to: /opt/st/stm32cubeide_1.19.0/plugins/com.st.stm32cube.common.mx_6.15.0.202507011659//db//plugins/boardmanager/
2025-08-30 19:45:19,257 [INFO] ApiDb:261 - Set plugin images path to: /opt/st/stm32cubeide_1.19.0/plugins/com.st.stm32cube.common.mx_6.15.0.202507011659//db//plugins/mcufinder/images/
2025-08-30 19:45:19,258 [WARN] DbFile:41 - Overriding database path with different value: /home/exati/.stmcufinder/plugins/mcufinder/ => /home/exati/.stmcufinder/plugins/mcufinder
2025-08-30 19:45:19,258 [INFO] ApiDb:250 - Set database path to: /home/exati/.stmcufinder/plugins/mcufinder//mcu/
2025-08-30 19:45:19,258 [WARN] DbFile:41 - Overriding database path with different value: /home/exati/.stmcufinder/plugins/mcufinder/ => /home/exati/.stmcufinder/plugins/mcufinder
2025-08-30 19:45:19,258 [INFO] DbMcusAds:125 - Set database path to: /home/exati/.stmcufinder/plugins/mcufinder//mcu/
2025-08-30 19:45:19,258 [WARN] DbFile:41 - Overriding database path with different value: /home/exati/.stmcufinder/plugins/mcufinder/ => /home/exati/.stmcufinder/plugins/mcufinder
2025-08-30 19:45:19,258 [WARN] DbFile:41 - Overriding database path with different value: /home/exati/.stmcufinder/plugins/mcufinder/ => /home/exati/.stmcufinder/plugins/mcufinder
2025-08-30 19:45:19,258 [INFO] CrossReferenceDbSqlite:203 - Set database path to: /home/exati/.stmcufinder/plugins/mcufinder//mcu/cs/
2025-08-30 19:45:19,320 [INFO] MainPanel:274 - HeapMemory: 268435456
2025-08-30 19:45:19,445 [INFO] DbMcusXml:78 - Set database path to: /opt/st/stm32cubeide_1.19.0/plugins/com.st.stm32cube.common.mx_6.15.0.202507011659//db//mcu/
2025-08-30 19:45:19,445 [INFO] ApiDb:274 - Set plugin database path to: /opt/st/stm32cubeide_1.19.0/plugins/com.st.stm32cube.common.mx_6.15.0.202507011659//db//plugins/boardmanager/
2025-08-30 19:45:19,445 [INFO] ApiDb:261 - Set plugin images path to: /opt/st/stm32cubeide_1.19.0/plugins/com.st.stm32cube.common.mx_6.15.0.202507011659//db//plugins/mcufinder/images/
2025-08-30 19:45:19,446 [WARN] DbFile:41 - Overriding database path with different value: /home/exati/.stmcufinder/plugins/mcufinder/ => /home/exati/.stmcufinder/plugins/mcufinder
2025-08-30 19:45:19,446 [INFO] ApiDb:250 - Set database path to: /home/exati/.stmcufinder/plugins/mcufinder//mcu/
2025-08-30 19:45:19,446 [WARN] DbFile:41 - Overriding database path with different value: /home/exati/.stmcufinder/plugins/mcufinder/ => /home/exati/.stmcufinder/plugins/mcufinder
2025-08-30 19:45:19,446 [INFO] DbMcusAds:125 - Set database path to: /home/exati/.stmcufinder/plugins/mcufinder//mcu/
2025-08-30 19:45:19,446 [WARN] DbFile:41 - Overriding database path with different value: /home/exati/.stmcufinder/plugins/mcufinder/ => /home/exati/.stmcufinder/plugins/mcufinder
2025-08-30 19:45:19,446 [WARN] DbFile:41 - Overriding database path with different value: /home/exati/.stmcufinder/plugins/mcufinder/ => /home/exati/.stmcufinder/plugins/mcufinder
2025-08-30 19:45:19,446 [INFO] CrossReferenceDbSqlite:203 - Set database path to: /home/exati/.stmcufinder/plugins/mcufinder//mcu/cs/
2025-08-30 19:45:19,461 [INFO] ApplicationProperties:184 - Using Application install path: /opt/st/stm32cubeide_1.19.0/plugins/com.st.stm32cube.common.mx_6.15.0.202507011659
2025-08-30 19:45:19,463 [INFO] PluginManage:196 - Search for loadable plugins [exclusion list=, ]
2025-08-30 19:45:19,465 [INFO] PluginManage:310 - Check plugin analytics
2025-08-30 19:45:19,604 [INFO] AnalyticsPlugin:253 - Accepted Software Licenses: 
2025-08-30 19:45:19,604 [INFO] AnalyticsPlugin:255 - Accepted CMSIS Pack Licenses: 
2025-08-30 19:45:19,604 [INFO] AnalyticsPlugin:257 - Accepted Firmware Licenses: FW.F4.1.28.0
2025-08-30 19:45:19,606 [INFO] PluginManage:359 - Loaded plugin analytics (category:tool,tabindex:-1)
2025-08-30 19:45:19,606 [INFO] PluginManage:310 - Check plugin cadmodel
2025-08-30 19:45:19,611 [INFO] CADModel:105 - Init CAD model plugin
2025-08-30 19:45:19,611 [INFO] PluginManage:359 - Loaded plugin cadmodel (category:power,tabindex:5)
2025-08-30 19:45:19,611 [INFO] PluginManage:310 - Check plugin clock
2025-08-30 19:45:19,622 [INFO] PluginManage:359 - Loaded plugin clock (category:base,tabindex:2)
2025-08-30 19:45:19,622 [INFO] PluginManage:310 - Check plugin ddr
2025-08-30 19:45:19,625 [INFO] PluginManage:359 - Loaded plugin ddr (category:tool,tabindex:6)
2025-08-30 19:45:19,626 [INFO] PluginManage:310 - Check plugin filemanager
2025-08-30 19:45:19,759 [INFO] PluginManage:359 - Loaded plugin filemanager (category:base,tabindex:10)
2025-08-30 19:45:19,759 [INFO] PluginManage:310 - Check plugin ipmanager
2025-08-30 19:45:19,764 [INFO] PluginManage:359 - Loaded plugin ipmanager (category:base,tabindex:5)
2025-08-30 19:45:19,764 [INFO] PluginManage:310 - Check plugin lpbam
2025-08-30 19:45:19,773 [INFO] PluginManage:359 - Loaded plugin lpbam (category:base,tabindex:0)
2025-08-30 19:45:19,774 [INFO] PluginManage:310 - Check plugin memorymap
2025-08-30 19:45:19,786 [INFO] PluginManage:359 - Loaded plugin memorymap (category:base,tabindex:4)
2025-08-30 19:45:19,786 [INFO] PluginManage:310 - Check plugin pinoutandconfiguration
2025-08-30 19:45:19,794 [INFO] PluginManage:359 - Loaded plugin pinoutandconfiguration (category:base,tabindex:1)
2025-08-30 19:45:19,794 [INFO] PluginManage:310 - Check plugin pinoutconfig
2025-08-30 19:45:19,871 [WARN] SupportedApi:132 - Cannot load RTOS API schema: s4s-elt-must-match.1: The content of 'definitions' must match (annotation?, (simpleType | complexType)?, (unique | key | keyref)*)). A problem was found starting at: attribute.
2025-08-30 19:45:19,986 [INFO] PluginManage:359 - Loaded plugin pinoutconfig (category:base,tabindex:0)
2025-08-30 19:45:19,986 [INFO] PluginManage:310 - Check plugin power
2025-08-30 19:45:19,995 [INFO] PluginManage:359 - Loaded plugin power (category:power,tabindex:4)
2025-08-30 19:45:19,995 [INFO] PluginManage:310 - Check plugin projectmanager
2025-08-30 19:45:20,008 [INFO] PluginManage:359 - Loaded plugin projectmanager (category:projectmanager,tabindex:4)
2025-08-30 19:45:20,008 [INFO] PluginManage:310 - Check plugin rif
2025-08-30 19:45:20,017 [INFO] PluginManage:359 - Loaded plugin rif (category:base,tabindex:3)
2025-08-30 19:45:20,017 [INFO] PluginManage:310 - Check plugin thirdparty
2025-08-30 19:45:20,128 [INFO] PluginManage:359 - Loaded plugin thirdparty (category:base,tabindex:-1)
2025-08-30 19:45:20,128 [INFO] PluginManage:310 - Check plugin tools
2025-08-30 19:45:20,128 [WARN] IntegrityCheckThread:84 - waiting for thirdparty lock release [integrity check]
2025-08-30 19:45:20,129 [INFO] IntegrityCheckThread:86 - entering critical section [integrity check]
2025-08-30 19:45:20,129 [INFO] ThirdPartyUpdaterWithRetryManager:70 - Updater plugin not ready yet. [1/15]
2025-08-30 19:45:20,131 [INFO] PluginManage:359 - Loaded plugin tools (category:base,tabindex:7)
2025-08-30 19:45:20,131 [INFO] PluginManage:310 - Check plugin tutovideos
2025-08-30 19:45:20,335 [INFO] PluginManage:359 - Loaded plugin tutovideos (category:base,tabindex:-1)
2025-08-30 19:45:20,335 [INFO] PluginManage:310 - Check plugin updater
2025-08-30 19:45:20,353 [INFO] PluginManage:359 - Loaded plugin updater (category:base,tabindex:12)
2025-08-30 19:45:20,353 [INFO] PluginManage:310 - Check plugin userauth
2025-08-30 19:45:20,357 [INFO] UserAuth:118 - Init User Auth plugin
2025-08-30 19:45:20,358 [INFO] PluginManage:359 - Loaded plugin userauth (category:base,tabindex:14)
2025-08-30 19:45:20,358 [INFO] PluginManage:283 - PluginManage : Loaded plugins [18]
2025-08-30 19:45:20,557 [INFO] PinOutPanel:1589 - setPackage(No Configuration,No Configuration)
2025-08-30 19:45:20,622 [INFO] CADModel:165 - CPN selected for project level
2025-08-30 19:45:20,623 [INFO] CADModel:114 - Register for checkConnection events
2025-08-30 19:45:20,636 [INFO] IPUIPlugin:80 - create IPUIPlugin
2025-08-30 19:45:20,636 [INFO] PluginManager:220 - loadIPPluginJar : add lorawan
2025-08-30 19:45:20,638 [INFO] IPUIPlugin:80 - create IPUIPlugin
2025-08-30 19:45:20,639 [INFO] PluginManager:220 - loadIPPluginJar : add gtzc
2025-08-30 19:45:20,644 [INFO] IPUIPlugin:80 - create IPUIPlugin
2025-08-30 19:45:20,644 [INFO] PluginManager:220 - loadIPPluginJar : add linkedlist
2025-08-30 19:45:20,648 [INFO] IPUIPlugin:80 - create IPUIPlugin
2025-08-30 19:45:20,648 [INFO] PluginManager:220 - loadIPPluginJar : add extmemmanager
2025-08-30 19:45:20,650 [INFO] IPUIPlugin:80 - create IPUIPlugin
2025-08-30 19:45:20,650 [INFO] PluginManager:220 - loadIPPluginJar : add radio
2025-08-30 19:45:20,655 [INFO] IPUIPlugin:80 - create IPUIPlugin
2025-08-30 19:45:20,656 [INFO] PluginManager:220 - loadIPPluginJar : add freertos
2025-08-30 19:45:20,658 [INFO] IPUIPlugin:80 - create IPUIPlugin
2025-08-30 19:45:20,658 [INFO] PluginManager:220 - loadIPPluginJar : add openamp
2025-08-30 19:45:20,661 [INFO] IPUIPlugin:80 - create IPUIPlugin
2025-08-30 19:45:20,661 [INFO] PluginManager:220 - loadIPPluginJar : add sai
2025-08-30 19:45:20,666 [INFO] IPUIPlugin:80 - create IPUIPlugin
2025-08-30 19:45:20,666 [INFO] PluginManager:220 - loadIPPluginJar : add opamp
2025-08-30 19:45:20,669 [INFO] IPUIPlugin:80 - create IPUIPlugin
2025-08-30 19:45:20,669 [INFO] PluginManager:220 - loadIPPluginJar : add usbx
2025-08-30 19:45:20,674 [INFO] IPUIPlugin:80 - create IPUIPlugin
2025-08-30 19:45:20,674 [INFO] PluginManager:220 - loadIPPluginJar : add adc
2025-08-30 19:45:20,676 [INFO] IPUIPlugin:80 - create IPUIPlugin
2025-08-30 19:45:20,676 [INFO] PluginManager:220 - loadIPPluginJar : add spi
2025-08-30 19:45:20,680 [INFO] IPUIPlugin:80 - create IPUIPlugin
2025-08-30 19:45:20,680 [INFO] PluginManager:220 - loadIPPluginJar : add ipddr
2025-08-30 19:45:20,683 [INFO] IPUIPlugin:80 - create IPUIPlugin
2025-08-30 19:45:20,683 [INFO] PluginManager:220 - loadIPPluginJar : add pdm2pcm
2025-08-30 19:45:20,685 [INFO] IPUIPlugin:80 - create IPUIPlugin
2025-08-30 19:45:20,685 [INFO] PluginManager:220 - loadIPPluginJar : add ltdc
2025-08-30 19:45:20,688 [INFO] IPUIPlugin:80 - create IPUIPlugin
2025-08-30 19:45:20,688 [INFO] PluginManager:220 - loadIPPluginJar : add fmc
2025-08-30 19:45:20,694 [INFO] IPUIPlugin:80 - create IPUIPlugin
2025-08-30 19:45:20,698 [INFO] PluginManager:220 - loadIPPluginJar : add plateformsettings
2025-08-30 19:45:20,701 [INFO] IPUIPlugin:80 - create IPUIPlugin
2025-08-30 19:45:20,702 [INFO] PluginManager:220 - loadIPPluginJar : add resmgrutility
2025-08-30 19:45:20,707 [INFO] IPUIPlugin:80 - create IPUIPlugin
2025-08-30 19:45:20,707 [INFO] PluginManager:220 - loadIPPluginJar : add stm32_wpan
2025-08-30 19:45:20,710 [INFO] IPUIPlugin:80 - create IPUIPlugin
2025-08-30 19:45:20,710 [INFO] PluginManager:220 - loadIPPluginJar : add i2c
2025-08-30 19:45:20,715 [INFO] IPUIPlugin:80 - create IPUIPlugin
2025-08-30 19:45:20,715 [INFO] PluginManager:220 - loadIPPluginJar : add nvic
2025-08-30 19:45:20,718 [INFO] IPUIPlugin:80 - create IPUIPlugin
2025-08-30 19:45:20,718 [INFO] PluginManager:220 - loadIPPluginJar : add cryp
2025-08-30 19:45:20,720 [INFO] IPUIPlugin:80 - create IPUIPlugin
2025-08-30 19:45:20,720 [INFO] PluginManager:220 - loadIPPluginJar : add hash
2025-08-30 19:45:20,723 [INFO] IPUIPlugin:80 - create IPUIPlugin
2025-08-30 19:45:20,723 [INFO] PluginManager:220 - loadIPPluginJar : add i3c
2025-08-30 19:45:20,727 [INFO] IPUIPlugin:80 - create IPUIPlugin
2025-08-30 19:45:20,728 [INFO] PluginManager:220 - loadIPPluginJar : add touchsensing
2025-08-30 19:45:20,731 [INFO] IPUIPlugin:80 - create IPUIPlugin
2025-08-30 19:45:20,732 [INFO] PluginManager:220 - loadIPPluginJar : add usart
2025-08-30 19:45:20,733 [INFO] IPUIPlugin:80 - create IPUIPlugin
2025-08-30 19:45:20,733 [INFO] PluginManager:220 - loadIPPluginJar : add comp
2025-08-30 19:45:20,738 [INFO] IPUIPlugin:80 - create IPUIPlugin
2025-08-30 19:45:20,739 [INFO] PluginManager:220 - loadIPPluginJar : add gpio
2025-08-30 19:45:20,744 [INFO] IPUIPlugin:80 - create IPUIPlugin
2025-08-30 19:45:20,744 [INFO] PluginManager:220 - loadIPPluginJar : add dma
2025-08-30 19:45:20,751 [INFO] IPUIPlugin:80 - create IPUIPlugin
2025-08-30 19:45:20,752 [INFO] PluginManager:220 - loadIPPluginJar : add ucpd
2025-08-30 19:45:20,753 [INFO] IPUIPlugin:80 - create IPUIPlugin
2025-08-30 19:45:20,754 [INFO] PluginManager:220 - loadIPPluginJar : add ts
2025-08-30 19:45:20,755 [INFO] IPUIPlugin:80 - create IPUIPlugin
2025-08-30 19:45:20,755 [INFO] PluginManager:220 - loadIPPluginJar : add fatfs
2025-08-30 19:45:20,758 [INFO] IPUIPlugin:80 - create IPUIPlugin
2025-08-30 19:45:20,758 [INFO] PluginManager:220 - loadIPPluginJar : add dfsdm
2025-08-30 19:45:20,761 [INFO] IPUIPlugin:80 - create IPUIPlugin
2025-08-30 19:45:20,761 [INFO] PluginManager:220 - loadIPPluginJar : add ddr_ctrl_phy
2025-08-30 19:45:20,765 [INFO] IPUIPlugin:80 - create IPUIPlugin
2025-08-30 19:45:20,765 [INFO] PluginManager:220 - loadIPPluginJar : add gfxmmu
2025-08-30 19:45:20,767 [INFO] IPUIPlugin:80 - create IPUIPlugin
2025-08-30 19:45:20,767 [INFO] PluginManager:220 - loadIPPluginJar : add quadspi
2025-08-30 19:45:20,768 [INFO] IPUIPlugin:80 - create IPUIPlugin
2025-08-30 19:45:20,769 [INFO] PluginManager:220 - loadIPPluginJar : add genericplugin
2025-08-30 19:45:20,771 [INFO] IPUIPlugin:80 - create IPUIPlugin
2025-08-30 19:45:20,771 [INFO] PluginManager:220 - loadIPPluginJar : add dma3
2025-08-30 19:45:20,777 [INFO] IPUIPlugin:80 - create IPUIPlugin
2025-08-30 19:45:20,778 [INFO] PluginManager:220 - loadIPPluginJar : add mdma
2025-08-30 19:45:20,780 [INFO] IPUIPlugin:80 - create IPUIPlugin
2025-08-30 19:45:20,780 [INFO] PluginManager:220 - loadIPPluginJar : add tracer_emb
2025-08-30 19:45:20,783 [INFO] IPUIPlugin:80 - create IPUIPlugin
2025-08-30 19:45:20,783 [INFO] PluginManager:220 - loadIPPluginJar : add tim
2025-08-30 19:45:20,786 [INFO] IPUIPlugin:80 - create IPUIPlugin
2025-08-30 19:45:20,786 [INFO] PluginManager:220 - loadIPPluginJar : add aes
2025-08-30 19:45:20,788 [INFO] IPUIPlugin:80 - create IPUIPlugin
2025-08-30 19:45:20,788 [INFO] PluginManager:220 - loadIPPluginJar : add i2s
2025-08-30 19:45:20,789 [INFO] IPUIPlugin:80 - create IPUIPlugin
2025-08-30 19:45:20,789 [INFO] PluginManager:220 - loadIPPluginJar : add tsc
2025-08-30 19:45:20,794 [INFO] IPUIPlugin:80 - create IPUIPlugin
2025-08-30 19:45:20,794 [INFO] PluginManager:220 - loadIPPluginJar : add gic
2025-08-30 19:45:20,798 [INFO] IPUIPlugin:80 - create IPUIPlugin
2025-08-30 19:45:20,798 [INFO] PluginManager:220 - loadIPPluginJar : add can
2025-08-30 19:45:20,900 [FATAL] Updater:351 - Updater called before beeing initialized
2025-08-30 19:45:20,924 [INFO] RulesReader:64 - Compatibility file has been processed (317 Rules)
2025-08-30 19:45:20,935 [INFO] RulesReader:64 - Compatibility file has been processed (317 Rules)
2025-08-30 19:45:20,944 [INFO] CADModel:165 - CPN selected for project level
2025-08-30 19:45:20,945 [INFO] CADModel:114 - Register for checkConnection events
2025-08-30 19:45:20,945 [FATAL] Updater:351 - Updater called before beeing initialized
2025-08-30 19:45:20,945 [ERROR] CADModel:125 - Updater not yet initialized, retry later 
2025-08-30 19:45:21,074 [FATAL] Updater:351 - Updater called before beeing initialized
2025-08-30 19:45:21,076 [INFO] CADModel:165 - CPN selected for project level
2025-08-30 19:45:21,076 [INFO] CADModel:114 - Register for checkConnection events
2025-08-30 19:45:21,076 [FATAL] Updater:351 - Updater called before beeing initialized
2025-08-30 19:45:21,076 [ERROR] CADModel:125 - Updater not yet initialized, retry later 
2025-08-30 19:45:21,079 [FATAL] Updater:351 - Updater called before beeing initialized
2025-08-30 19:45:21,185 [FATAL] Updater:351 - Updater called before beeing initialized
2025-08-30 19:45:21,188 [INFO] DbMcusAds:53 - JSON generation date=Tue Jul 08 05:14:23 BRT 2025 (1751962463582)
2025-08-30 19:45:21,189 [FATAL] Updater:351 - Updater called before beeing initialized
2025-08-30 19:45:21,217 [WARN] DetailPanel:346 - Failed to get advertising image, set to default
2025-08-30 19:45:21,279 [FATAL] Updater:351 - Updater called before beeing initialized
2025-08-30 19:45:21,281 [FATAL] Updater:351 - Updater called before beeing initialized
2025-08-30 19:45:21,281 [FATAL] Updater:351 - Updater called before beeing initialized
2025-08-30 19:45:21,281 [WARN] DetailPanel:346 - Failed to get advertising image, set to default
2025-08-30 19:45:21,283 [FATAL] Updater:351 - Updater called before beeing initialized
2025-08-30 19:45:21,312 [ERROR] Updater:1198 - MainUpdater not yet initialized. External WinMGr cannot be set.
2025-08-30 19:45:21,314 [INFO] Updater:1134 - Updater Version found : 6.15.0
2025-08-30 19:45:21,330 [INFO] ApplicationProperties:184 - Using Application install path: /opt/st/stm32cubeide_1.19.0/plugins/com.st.stm32cube.common.mx_6.15.0.202507011659
2025-08-30 19:45:21,609 [INFO] MainUpdater:2872 - connection check result : 10
2025-08-30 19:45:21,611 [INFO] MainUpdater:289 - Updater Check For Update Now.
2025-08-30 19:45:21,611 [INFO] MicroXplorer:498 - Change Database Version : DB.6.0.150
2025-08-30 19:45:21,619 [INFO] McuFinderGlobals:63 - Set McuFinder mode to 2 (CubeIDE integrated)
2025-08-30 19:45:21,621 [INFO] UserAuth:487 - Internet connection configuration mode: 1
2025-08-30 19:45:21,652 [INFO] JxBrowserEngine:152 - Initiate JxBrowser Engine with user profile folder
2025-08-30 19:45:21,797 [INFO] CheckServerUpdateThread:120 - End of CheckServer Thread
2025-08-30 19:45:22,854 [INFO] WebApp:169 - Instantiating new browser for Auth
2025-08-30 19:45:23,306 [WARN] PackLoader:240 - Cannot read IP mode file for STMicroelectronics.FP-SNS-MOTENVWB1.1.4.0
2025-08-30 19:45:23,315 [WARN] PackLoader:240 - Cannot read IP mode file for STMicroelectronics.FP-ATR-ASTRA1.2.0.2
2025-08-30 19:45:23,321 [WARN] PackLoader:240 - Cannot read IP mode file for STMicroelectronics.X-CUBE-SMBUS.2.1.0
2025-08-30 19:45:23,325 [WARN] PackLoader:240 - Cannot read IP mode file for STMicroelectronics.X-CUBE-ST60.1.0.0
2025-08-30 19:45:23,366 [WARN] PackLoader:240 - Cannot read IP mode file for STMicroelectronics.X-CUBE-AZRTOS-F7.1.1.0
2025-08-30 19:45:23,380 [WARN] PackLoader:240 - Cannot read IP mode file for STMicroelectronics.X-CUBE-DISPLAY.3.0.0
2025-08-30 19:45:23,396 [WARN] PackLoader:240 - Cannot read IP mode file for STMicroelectronics.X-CUBE-NFC10.1.0.0
2025-08-30 19:45:23,404 [WARN] PackLoader:240 - Cannot read IP mode file for STMicroelectronics.FP-SNS-SMARTAG2.1.2.0
2025-08-30 19:45:23,409 [WARN] PackLoader:240 - Cannot read IP mode file for STMicroelectronics.FP-SNS-FLIGHT1.5.1.0
2025-08-30 19:45:23,417 [INFO] LogOutputStream:77 - [STDOUT_REDIRECT] 1 : Invalid condition id : UX_CORESTACK_Condition cause : null
2025-08-30 19:45:23,418 [INFO] LogOutputStream:77 - [STDOUT_REDIRECT] 1 : Invalid condition id : UX_CORESTACK_Condition cause : null
2025-08-30 19:45:23,419 [INFO] LogOutputStream:77 - [STDOUT_REDIRECT] 1 : Invalid condition id : UX_CORESTACK_Condition cause : null
2025-08-30 19:45:23,419 [INFO] LogOutputStream:77 - [STDOUT_REDIRECT] 1 : Invalid condition id : UX_CORESTACK_Condition cause : null
2025-08-30 19:45:23,420 [INFO] LogOutputStream:77 - [STDOUT_REDIRECT] 1 : Invalid condition id : UX_CORESTACK_Condition cause : null
2025-08-30 19:45:23,424 [WARN] PackLoader:240 - Cannot read IP mode file for STMicroelectronics.X-CUBE-AZRTOS-WL.2.0.0
2025-08-30 19:45:23,430 [WARN] PackLoader:240 - Cannot read IP mode file for STMicroelectronics.FP-SNS-MOTENV1.5.0.0
2025-08-30 19:45:23,437 [WARN] PackLoader:240 - Cannot read IP mode file for STMicroelectronics.X-CUBE-BLE2.3.3.0
2025-08-30 19:45:23,443 [WARN] PackLoader:240 - Cannot read IP mode file for STMicroelectronics.X-CUBE-NFC9.1.0.0
2025-08-30 19:45:23,449 [WARN] PackLoader:240 - Cannot read IP mode file for STMicroelectronics.X-CUBE-BLE1.7.1.0
2025-08-30 19:45:23,465 [WARN] PackLoader:240 - Cannot read IP mode file for STMicroelectronics.X-CUBE-AZRTOS-G0.1.1.0
2025-08-30 19:45:23,473 [WARN] PackLoader:240 - Cannot read IP mode file for STMicroelectronics.X-CUBE-SAFEA1.1.2.2
2025-08-30 19:45:23,479 [WARN] PackLoader:240 - Cannot read IP mode file for STMicroelectronics.X-CUBE-NFC4.3.0.0
2025-08-30 19:45:23,485 [WARN] PackLoader:240 - Cannot read IP mode file for STMicroelectronics.X-CUBE-WB05N.2.0.0
2025-08-30 19:45:23,491 [WARN] PackLoader:240 - Cannot read IP mode file for STMicroelectronics.X-CUBE-TCPP.4.2.0
2025-08-30 19:45:23,497 [WARN] PackLoader:240 - Cannot read IP mode file for RealThread.X-CUBE-RT-Thread_Nano.4.1.1
2025-08-30 19:45:23,501 [WARN] PackLoader:240 - Cannot read IP mode file for STMicroelectronics.FP-ATR-SIGFOX1.3.2.0
2025-08-30 19:45:23,507 [WARN] PackLoader:240 - Cannot read IP mode file for STMicroelectronics.X-CUBE-ST67W61.1.0.0
2025-08-30 19:45:23,540 [WARN] PackLoader:240 - Cannot read IP mode file for SEGGER.I-CUBE-embOS.1.3.1
2025-08-30 19:45:23,599 [WARN] PackLoader:240 - Cannot read IP mode file for STMicroelectronics.X-CUBE-ALGOBUILD.1.4.0
2025-08-30 19:45:23,662 [WARN] PackLoader:240 - Cannot read IP mode file for STMicroelectronics.X-CUBE-MEMS1.11.3.0
2025-08-30 19:45:23,884 [WARN] PackLoader:240 - Cannot read IP mode file for STMicroelectronics.X-CUBE-PM33A1.1.0.0
2025-08-30 19:45:23,913 [WARN] PackLoader:240 - Cannot read IP mode file for STMicroelectronics.X-CUBE-AZRTOS-F4.1.1.0
2025-08-30 19:45:23,924 [WARN] PackLoader:240 - Cannot read IP mode file for STMicroelectronics.X-CUBE-ISPU.2.1.0
2025-08-30 19:45:23,949 [WARN] PackLoader:240 - Cannot read IP mode file for STMicroelectronics.X-CUBE-AZRTOS-L5.2.0.0
2025-08-30 19:45:23,965 [WARN] PackLoader:240 - Cannot read IP mode file for STMicroelectronics.X-CUBE-NFC6.3.1.0
2025-08-30 19:45:23,978 [WARN] PackLoader:240 - Cannot read IP mode file for STMicroelectronics.X-CUBE-FREERTOS.1.3.1
2025-08-30 19:45:23,990 [WARN] PackLoader:240 - Cannot read IP mode file for STMicroelectronics.X-CUBE-DPower.1.3.0
2025-08-30 19:45:24,011 [WARN] ConditionMgr:438 - getConditionDescription Invalid condition id : LAN8742 Phy interface Condition cause : null
2025-08-30 19:45:24,011 [WARN] PackLoader:240 - Cannot read IP mode file for STMicroelectronics.X-CUBE-AZRTOS-L4.2.0.0
2025-08-30 19:45:24,013 [WARN] ConditionMgr:1044 - genDependencies : Invalid condition id : LAN8742 Phy interface Condition cause : null
2025-08-30 19:45:24,014 [WARN] ConditionMgr:1044 - genDependencies : Invalid condition id : LAN8742 Phy interface Condition cause : null
2025-08-30 19:45:24,015 [WARN] ConditionMgr:1044 - genDependencies : Invalid condition id : LAN8742 Phy interface Condition cause : null
2025-08-30 19:45:24,027 [WARN] PackLoader:240 - Cannot read IP mode file for STMicroelectronics.X-CUBE-SFXS2LP1.4.0.0
2025-08-30 19:45:24,044 [WARN] ConditionMgr:438 - getConditionDescription Invalid condition id : UX DEVICE CLASS RTOS Condition cause : null
2025-08-30 19:45:24,044 [WARN] ConditionMgr:438 - getConditionDescription Invalid condition id : UX DEVICE CLASS RTOS Condition cause : null
2025-08-30 19:45:24,046 [WARN] PackLoader:240 - Cannot read IP mode file for STMicroelectronics.X-CUBE-AZRTOS-WB.2.0.0
2025-08-30 19:45:24,049 [WARN] ConditionMgr:1044 - genDependencies : Invalid condition id : UX DEVICE CLASS RTOS Condition cause : null
2025-08-30 19:45:24,049 [WARN] ConditionMgr:1044 - genDependencies : Invalid condition id : UX DEVICE CLASS RTOS Condition cause : null
2025-08-30 19:45:24,050 [WARN] ConditionMgr:1044 - genDependencies : Invalid condition id : UX DEVICE CLASS RTOS Condition cause : null
2025-08-30 19:45:24,051 [WARN] ConditionMgr:1044 - genDependencies : Invalid condition id : UX DEVICE CLASS RTOS Condition cause : null
2025-08-30 19:45:24,051 [WARN] ConditionMgr:1044 - genDependencies : Invalid condition id : UX DEVICE CLASS RTOS Condition cause : null
2025-08-30 19:45:24,059 [WARN] PackLoader:240 - Cannot read IP mode file for STMicroelectronics.X-CUBE-GNSS1.7.0.1
2025-08-30 19:45:24,068 [WARN] PackLoader:240 - Cannot read IP mode file for STMicroelectronics.X-CUBE-TOUCHGFX.4.25.0
2025-08-30 19:45:24,082 [WARN] PackLoader:240 - Cannot read IP mode file for STMicroelectronics.X-CUBE-SUBG2.5.0.0
2025-08-30 19:45:24,084 [INFO] WebApp:463 - Apply proxy settings
2025-08-30 19:45:24,085 [INFO] WebApp:548 - Chromium requires no authentication
2025-08-30 19:45:24,103 [INFO] WebApp:491 - Direct internet connection detected
2025-08-30 19:45:24,108 [WARN] PackLoader:240 - Cannot read IP mode file for STMicroelectronics.X-CUBE-AZRTOS-H7RS.1.1.0
2025-08-30 19:45:24,130 [WARN] PackLoader:240 - Cannot read IP mode file for STMicroelectronics.X-CUBE-AZRTOS-G4.2.0.0
2025-08-30 19:45:24,141 [WARN] PackLoader:240 - Cannot read IP mode file for STMicroelectronics.X-CUBE-NFC7.2.0.0
2025-08-30 19:45:24,149 [INFO] WebApp:900 - Register for checkConnection events
2025-08-30 19:45:24,150 [INFO] WebApp:463 - Apply proxy settings
2025-08-30 19:45:24,150 [INFO] WebApp:548 - Chromium requires no authentication
2025-08-30 19:45:24,151 [INFO] WebApp:491 - Direct internet connection detected
2025-08-30 19:45:24,161 [WARN] PackLoader:240 - Cannot read IP mode file for STMicroelectronics.X-CUBE-IPS.3.1.0
2025-08-30 19:45:24,177 [WARN] PackLoader:240 - Cannot read IP mode file for STMicroelectronics.X-CUBE-ALS.1.0.2
2025-08-30 19:45:24,195 [WARN] PackLoader:240 - Cannot read IP mode file for STMicroelectronics.X-CUBE-TOF1.3.4.3
2025-08-30 19:45:24,217 [INFO] ThirdParty:978 - Integrity check success = true
2025-08-30 19:45:24,218 [INFO] IntegrityCheckThread:100 - exiting critical section [integrity check]
2025-08-30 19:45:24,218 [INFO] IntegrityCheckThread:103 - End integrity checks thread
2025-08-30 19:45:24,407 [INFO] WebApp:225 - Starting web application
2025-08-30 19:45:24,408 [INFO] WebApp:593 - Web application path used /opt/st/stm32cubeide_1.19.0/plugins/com.st.stm32cube.common.mx_6.15.0.202507011659/db/plugins/mcufinder/reactClient1/index.html
2025-08-30 19:45:24,555 [INFO] WebApp:191 - Connection restablished
2025-08-30 19:45:24,577 [INFO] UserAuth:487 - Internet connection configuration mode: 1
